<?xml version="1.0" encoding="UTF-8"?>
<testsuite xmlns:xsi="http://www.w3.org/2001/XMLSchema-instance" xsi:noNamespaceSchemaLocation="https://maven.apache.org/surefire/maven-surefire-plugin/xsd/surefire-test-report.xsd" name="TwitterGetTimeLineTest" time="2.845" tests="1" errors="1" skipped="0" failures="0">
  <properties>
[...]
</properties>
  <testcase name="getTimeLineResponse" classname="TwitterGetTimeLineTest" time="2.399">
    <error message="401:Authentication credentials (https://dev.twitter.com/pages/auth) were missing or incorrect. Ensure that you have set valid consumer key/secret, access token/secret, and the system clock is in sync.&#10;message - Invalid or expired token.&#10;code - 89&#10;" type="twitter4j.TwitterException">twitter4j.TwitterException: 
401:Authentication credentials (https://dev.twitter.com/pages/auth) were missing or incorrect. Ensure that you have set valid consumer key/secret, access token/secret, and the system clock is in sync.
message - Invalid or expired token.
code - 89

	at TwitterGetTimeLineTest.getTimeLineResponse(TwitterGetTimeLineTest.java:55)
Caused by: twitter4j.TwitterException: 
401:Authentication credentials (https://dev.twitter.com/pages/auth) were missing or incorrect. Ensure that you have set valid consumer key/secret, access token/secret, and the system clock is in sync.
message - Invalid or expired token.
code - 89

	at TwitterGetTimeLineTest.getTimeLineResponse(TwitterGetTimeLineTest.java:55)
</error>
    <system-out><![CDATA[11:52:46.022 [main] INFO TwitterGetTimeLineTest - Inside getTimeResponseTest
11:52:46.250 [main] DEBUG twitter4j.HttpClientImpl - Request: 
11:52:46.251 [main] DEBUG twitter4j.HttpClientImpl - GET https://api.twitter.com/1.1/statuses/home_timeline.json?include_my_retweet=true&include_entities=true&include_ext_alt_text=true
11:52:46.251 [main] DEBUG twitter4j.auth.OAuthAuthorization - OAuth base string: GET&https%3A%2F%2Fapi.twitter.com%2F1.1%2Fstatuses%2Fhome_timeline.json&include_entities%3Dtrue%26include_ext_alt_text%3Dtrue%26include_my_retweet%3Dtrue%26oauth_consumer_key%3D%2524%257BOAuthConsumerKey%257D%26oauth_nonce%3D3208015709%26oauth_signature_method%3DHMAC-SHA1%26oauth_timestamp%3D1542608566%26oauth_token%3D%2524%257BOAuthAcessToken%257D%26oauth_version%3D1.0
11:52:46.383 [main] DEBUG twitter4j.auth.OAuthAuthorization - OAuth signature: bbpwtgfSJQinj9z64LssltC3xpk=
11:52:46.384 [main] DEBUG twitter4j.HttpClientImpl - Authorization: *********************************************************************************************************************************************************************************************************************************************************
11:52:46.384 [main] DEBUG twitter4j.HttpClientImpl - X-Twitter-Client-Version: 4.0.6
11:52:46.384 [main] DEBUG twitter4j.HttpClientImpl - X-Twitter-Client-URL: http://twitter4j.org/en/twitter4j-4.0.6.xml
11:52:46.384 [main] DEBUG twitter4j.HttpClientImpl - X-Twitter-Client: Twitter4J
11:52:46.384 [main] DEBUG twitter4j.HttpClientImpl - User-Agent: twitter4j http://twitter4j.org/ /4.0.6
11:52:46.384 [main] DEBUG twitter4j.HttpClientImpl - Accept-Encoding: gzip
11:52:47.613 [main] DEBUG twitter4j.HttpClientImpl - Response: 
11:52:47.613 [main] DEBUG twitter4j.HttpClientImpl - date: Mon, 19 Nov 2018 06:22:42 GMT
11:52:47.613 [main] DEBUG twitter4j.HttpClientImpl - HTTP/1.1 401 Authorization Required
11:52:47.613 [main] DEBUG twitter4j.HttpClientImpl - set-cookie: guest_id=v1%3A154260856279954169; Expires=Wed, 18 Nov 2020 06:22:42 GMT; Path=/; Domain=.twitter.com
11:52:47.613 [main] DEBUG twitter4j.HttpClientImpl - set-cookie: personalization_id="v1_G2MuVjBbr7cMuJtUwLQRsw=="; Expires=Wed, 18 Nov 2020 06:22:42 GMT; Path=/; Domain=.twitter.com
11:52:47.613 [main] DEBUG twitter4j.HttpClientImpl - server: tsa_k
11:52:47.613 [main] DEBUG twitter4j.HttpClientImpl - content-length: 87
11:52:47.613 [main] DEBUG twitter4j.HttpClientImpl - x-response-time: 174
11:52:47.613 [main] DEBUG twitter4j.HttpClientImpl - x-connection-hash: cfeaa594f8e0783256d7a6231cc4a42d
11:52:47.614 [main] DEBUG twitter4j.HttpClientImpl - content-encoding: gzip
11:52:47.614 [main] DEBUG twitter4j.HttpClientImpl - content-type: application/json; charset=utf-8
11:52:47.614 [main] DEBUG twitter4j.HttpClientImpl - strict-transport-security: max-age=631138519
11:52:47.615 [main] DEBUG twitter4j.HttpResponseImpl - {"errors":[{"code":89,"message":"Invalid or expired token."}]}

11:52:47.627 [main] ERROR twitter.Service.TwitterServiceImpl - Unable to get time data :: Invalid or expired token.
]]></system-out>
  </testcase>
</testsuite>